Using pre-set license
Built from '2020.3/staging' branch; Version is '2020.3.21f1 (a38c86f6690f) revision 10718342'; Using compiler version '192528614'; Build Type 'Release'
OS: 'Windows 10 Education; OS build 19042.1415; Version 2009; 64bit' Language: 'ko' Physical Memory: 16294 MB
BatchMode: 1, IsHumanControllingUs: 0, StartBugReporterOnCrash: 0, Is64bit: 1, IsPro: 0

COMMAND LINE ARGUMENTS:
C:\Program Files\Unity\Hub\Editor\2020.3.21f1\Editor\Unity.exe
-adb2
-batchMode
-noUpm
-name
AssetImportWorker1
-projectPath
C:/Users/YuJin/Desktop/unity-rock-paper-scissors_Game/rock-paper-scissors
-logFile
Logs/AssetImportWorker1.log
-srvPort
50655
Successfully changed project path to: C:/Users/YuJin/Desktop/unity-rock-paper-scissors_Game/rock-paper-scissors
C:/Users/YuJin/Desktop/unity-rock-paper-scissors_Game/rock-paper-scissors
Using Asset Import Pipeline V2.
Refreshing native plugins compatible for Editor in 39.11 ms, found 3 plugins.
Preloading 0 native plugins for Editor in 0.00 ms.
Initialize engine version: 2020.3.21f1 (a38c86f6690f)
[Subsystems] Discovering subsystems at path C:/Program Files/Unity/Hub/Editor/2020.3.21f1/Editor/Data/Resources/UnitySubsystems
[Subsystems] Discovering subsystems at path C:/Users/YuJin/Desktop/unity-rock-paper-scissors_Game/rock-paper-scissors/Assets
GfxDevice: creating device client; threaded=0
Direct3D:
    Version:  Direct3D 11.0 [level 11.1]
    Renderer: NVIDIA GeForce RTX 2060 (ID=0x1f08)
    Vendor:   
    VRAM:     5980 MB
    Driver:   27.21.14.5671
Initialize mono
Mono path[0] = 'C:/Program Files/Unity/Hub/Editor/2020.3.21f1/Editor/Data/Managed'
Mono path[1] = 'C:/Program Files/Unity/Hub/Editor/2020.3.21f1/Editor/Data/MonoBleedingEdge/lib/mono/unityjit'
Mono config path = 'C:/Program Files/Unity/Hub/Editor/2020.3.21f1/Editor/Data/MonoBleedingEdge/etc'
Using monoOptions --debugger-agent=transport=dt_socket,embedding=1,server=y,suspend=n,address=127.0.0.1:56728
Begin MonoManager ReloadAssembly
Registering precompiled unity dll's ...
Register platform support module: C:/Program Files/Unity/Hub/Editor/2020.3.21f1/Editor/Data/PlaybackEngines/WindowsStandaloneSupport/UnityEditor.WindowsStandalone.Extensions.dll
Registered in 0.001484 seconds.
Native extension for WindowsStandalone target not found
Refreshing native plugins compatible for Editor in 37.99 ms, found 3 plugins.
Preloading 0 native plugins for Editor in 0.00 ms.
Mono: successfully reloaded assembly
- Completed reload, in  2.032 seconds
Domain Reload Profiling:
	ReloadAssembly (2033ms)
		BeginReloadAssembly (45ms)
			ExecutionOrderSort (0ms)
			DisableScriptedObjects (0ms)
			BackupInstance (0ms)
			ReleaseScriptingObjects (0ms)
			CreateAndSetChildDomain (1ms)
		EndReloadAssembly (474ms)
			LoadAssemblies (44ms)
			RebuildTransferFunctionScriptingTraits (0ms)
			SetupTypeCache (215ms)
			ReleaseScriptCaches (0ms)
			RebuildScriptCaches (28ms)
			SetupLoadedEditorAssemblies (149ms)
				LogAssemblyErrors (0ms)
				InitializePlatformSupportModulesInManaged (3ms)
				SetLoadedEditorAssemblies (0ms)
				RefreshPlugins (38ms)
				BeforeProcessingInitializeOnLoad (10ms)
				ProcessInitializeOnLoadAttributes (68ms)
				ProcessInitializeOnLoadMethodAttributes (28ms)
				AfterProcessingInitializeOnLoad (0ms)
				EditorAssembliesLoaded (0ms)
			ExecutionOrderSort2 (0ms)
			AwakeInstancesAfterBackupRestoration (0ms)
Platform modules already initialized, skipping
Registering precompiled user dll's ...
Registered in 0.003703 seconds.
Begin MonoManager ReloadAssembly
Native extension for WindowsStandalone target not found
Refreshing native plugins compatible for Editor in 39.04 ms, found 3 plugins.
Preloading 0 native plugins for Editor in 0.00 ms.
Mono: successfully reloaded assembly
- Completed reload, in  1.019 seconds
Domain Reload Profiling:
	ReloadAssembly (1020ms)
		BeginReloadAssembly (125ms)
			ExecutionOrderSort (0ms)
			DisableScriptedObjects (4ms)
			BackupInstance (0ms)
			ReleaseScriptingObjects (0ms)
			CreateAndSetChildDomain (16ms)
		EndReloadAssembly (841ms)
			LoadAssemblies (77ms)
			RebuildTransferFunctionScriptingTraits (0ms)
			SetupTypeCache (264ms)
			ReleaseScriptCaches (0ms)
			RebuildScriptCaches (42ms)
			SetupLoadedEditorAssemblies (350ms)
				LogAssemblyErrors (0ms)
				InitializePlatformSupportModulesInManaged (3ms)
				SetLoadedEditorAssemblies (0ms)
				RefreshPlugins (39ms)
				BeforeProcessingInitializeOnLoad (69ms)
				ProcessInitializeOnLoadAttributes (220ms)
				ProcessInitializeOnLoadMethodAttributes (14ms)
				AfterProcessingInitializeOnLoad (5ms)
				EditorAssembliesLoaded (0ms)
			ExecutionOrderSort2 (0ms)
			AwakeInstancesAfterBackupRestoration (6ms)
Platform modules already initialized, skipping
========================================================================
Worker process is ready to serve import requests
Launched and connected shader compiler UnityShaderCompiler.exe after 0.10 seconds
Refreshing native plugins compatible for Editor in 0.46 ms, found 3 plugins.
Preloading 0 native plugins for Editor in 0.00 ms.
Unloading 2195 Unused Serialized files (Serialized files now loaded: 0)
System memory in use before: 95.8 MB.
System memory in use after: 95.9 MB.

Unloading 28 unused Assets to reduce memory usage. Loaded Objects now: 2628.
Total: 3.468500 ms (FindLiveObjects: 0.223600 ms CreateObjectMapping: 0.105300 ms MarkObjects: 3.080500 ms  DeleteObjects: 0.058100 ms)

AssetImportParameters requested are different than current active one (requested -> active):
  custom:framework-win-MediaFoundation: 216162199b28c13a410421893ffa2e32 -> 
  custom:video-decoder-ogg-theora: a1e56fd34408186e4bbccfd4996cb3dc -> 
  custom:container-muxer-webm: aa71ff27fc2769a1b78a27578f13a17b -> 
  custom:container-demuxer-webm: 4f35f7cbe854078d1ac9338744f61a02 -> 
  custom:container-demuxer-ogg: 62fdf1f143b41e24485cea50d1cbac27 -> 
  custom:video-encoder-webm-vp8: eb34c28f22e8b96e1ab97ce403110664 -> 
  custom:video-decoder-webm-vp8: 9c59270c3fd7afecdb556c50c9e8de78 -> 
  custom:audio-decoder-ogg-vorbis: bf7c407c2cedff20999df2af8eb42d56 -> 
  custom:audio-encoder-webm-vorbis: bf7c407c2cedff20999df2af8eb42d56 -> 
========================================================================
Received Import Request.
  path: Assets/Script/Game/Player_RPS.cs
  artifactKey: Guid(16aae36230439314e8b6084290b3cc51) Importer(815301076,1909f56bfc062723c751e8b465ee728b)
Start importing Assets/Script/Game/Player_RPS.cs using Guid(16aae36230439314e8b6084290b3cc51) Importer(815301076,1909f56bfc062723c751e8b465ee728b)  -> (artifact id: 'e0157d547df1491aebfe3d349c3ab782') in 0.061411 seconds 
  Import took 0.068956 seconds .

========================================================================
Received Import Request.
  Time since last request: 0.000685 seconds.
  path: Assets/Script/Game/player.cs
  artifactKey: Guid(f17c94e2a73992646b2b2c694bad4f24) Importer(815301076,1909f56bfc062723c751e8b465ee728b)
Start importing Assets/Script/Game/player.cs using Guid(f17c94e2a73992646b2b2c694bad4f24) Importer(815301076,1909f56bfc062723c751e8b465ee728b)  -> (artifact id: '3b0634f2c6089e5de51cce90d98f6096') in 0.015446 seconds 
  Import took 0.023580 seconds .

========================================================================
Received Import Request.
  Time since last request: 0.000325 seconds.
  path: Assets/Script/Game/ChangeColor.cs
  artifactKey: Guid(c4289c9cc19a77d4ab16f43df1d371db) Importer(815301076,1909f56bfc062723c751e8b465ee728b)
Start importing Assets/Script/Game/ChangeColor.cs using Guid(c4289c9cc19a77d4ab16f43df1d371db) Importer(815301076,1909f56bfc062723c751e8b465ee728b)  -> (artifact id: 'b502cd9969ffaede33ec0527f3cf3268') in 0.029085 seconds 
  Import took 0.032720 seconds .

========================================================================
Received Import Request.
  Time since last request: 8.559686 seconds.
  path: Assets/Script/Replay/Score.cs
  artifactKey: Guid(98605b0ab86c41843850a99bb2c569de) Importer(815301076,1909f56bfc062723c751e8b465ee728b)
Start importing Assets/Script/Replay/Score.cs using Guid(98605b0ab86c41843850a99bb2c569de) Importer(815301076,1909f56bfc062723c751e8b465ee728b)  -> (artifact id: '276502ff1edf42a595aca5c9a75bf51a') in 0.007825 seconds 
  Import took 0.011185 seconds .

========================================================================
Received Import Request.
  Time since last request: 4.894956 seconds.
  path: Assets/Script/Replay/Replay.cs
  artifactKey: Guid(bfcac37716d64ac468a5fc06da7f4bf4) Importer(815301076,1909f56bfc062723c751e8b465ee728b)
Start importing Assets/Script/Replay/Replay.cs using Guid(bfcac37716d64ac468a5fc06da7f4bf4) Importer(815301076,1909f56bfc062723c751e8b465ee728b)  -> (artifact id: '1fd37e1e9ade50b173bf759116d5bf9a') in 0.006490 seconds 
  Import took 0.009993 seconds .

========================================================================
Received Import Request.
  Time since last request: 6.008104 seconds.
  path: Assets/Script/UI/BEST.cs
  artifactKey: Guid(de1de80385bbefc4b901bf12d5017c3f) Importer(815301076,1909f56bfc062723c751e8b465ee728b)
Start importing Assets/Script/UI/BEST.cs using Guid(de1de80385bbefc4b901bf12d5017c3f) Importer(815301076,1909f56bfc062723c751e8b465ee728b)  -> (artifact id: '24694630264ec4b9f3c8b32688994f7d') in 0.006967 seconds 
  Import took 0.010647 seconds .

========================================================================
Received Import Request.
  Time since last request: 1.042322 seconds.
  path: Assets/Script/UI/Level.cs
  artifactKey: Guid(f3e202037263e8642a18ace245d12bfa) Importer(815301076,1909f56bfc062723c751e8b465ee728b)
Start importing Assets/Script/UI/Level.cs using Guid(f3e202037263e8642a18ace245d12bfa) Importer(815301076,1909f56bfc062723c751e8b465ee728b)  -> (artifact id: 'a298ab51849f1002b1e4c465d9d007c5') in 0.006823 seconds 
  Import took 0.010299 seconds .

========================================================================
Received Import Request.
  Time since last request: 1.821412 seconds.
  path: Assets/Script/UI/Rainbow.cs
  artifactKey: Guid(6c821f0d872108d45b02460d06ab3f6b) Importer(815301076,1909f56bfc062723c751e8b465ee728b)
Start importing Assets/Script/UI/Rainbow.cs using Guid(6c821f0d872108d45b02460d06ab3f6b) Importer(815301076,1909f56bfc062723c751e8b465ee728b)  -> (artifact id: '6b96506143ebcf2669756a7753f6e63a') in 0.006633 seconds 
  Import took 0.009966 seconds .

========================================================================
Received Import Request.
  Time since last request: 1.290657 seconds.
  path: Assets/Script/UI/Timer.cs
  artifactKey: Guid(bde8304faf2bdd743b5911b18ccd08e4) Importer(815301076,1909f56bfc062723c751e8b465ee728b)
Start importing Assets/Script/UI/Timer.cs using Guid(bde8304faf2bdd743b5911b18ccd08e4) Importer(815301076,1909f56bfc062723c751e8b465ee728b)  -> (artifact id: 'a7a0315f62eb91bf8cb88c5f3b014b31') in 0.006236 seconds 
  Import took 0.009485 seconds .

AssetImportWorkerClient::OnTransportError - code=2 error=End of file
